[202月2026 01:47:51.870] [main/INFO] [cpw.mods.modlauncher.Launcher/MODLAUNCHER]: ModLauncher running: args [--launchTarget, forgeclientdev, --version, 21.1.219, --assetIndex, asset-index, --assetsDir, C:\Users\betan\.gradle\caches\minecraft\assets, --gameDir, ., --fml.fmlVersion, 4.0.42, --fml.mcVersion, 1.21.1, --fml.neoForgeVersion, 21.1.219, --fml.neoFormVersion, 20240808.144430]
[202月2026 01:47:51.874] [main/INFO] [cpw.mods.modlauncher.Launcher/MODLAUNCHER]: JVM identified as Eclipse Adoptium OpenJDK 64-Bit Server VM 21.0.10+7-LTS
[202月2026 01:47:51.877] [main/INFO] [cpw.mods.modlauncher.Launcher/MODLAUNCHER]: ModLauncher 11.0.5+main.901c6ea8 starting: java version 21.0.10 by Eclipse Adoptium; OS Windows 11 arch amd64 version 10.0
[202月2026 01:47:52.027] [main/INFO] [net.neoforged.fml.loading.ImmediateWindowHandler/]: Loading ImmediateWindowProvider fmlearlywindow
[202月2026 01:47:52.162] [main/INFO] [EARLYDISPLAY/]: Trying GL version 4.6
[202月2026 01:47:52.371] [main/INFO] [EARLYDISPLAY/]: Requested GL version 4.6 got version 4.6
[202月2026 01:47:52.482] [main/INFO] [mixin/]: SpongePowered MIXIN Subsystem Version=0.8.7 Source=union:/C:/Users/betan/.gradle/caches/modules-2/files-2.1/net.fabricmc/sponge-mixin/0.15.2+mixin.0.8.7/2af2f021d8e02a0220dc27a7a72b4666d66d44ca/sponge-mixin-0.15.2+mixin.0.8.7.jar%23142!/ Service=ModLauncher Env=CLIENT
[202月2026 01:47:52.597] [main/INFO] [net.neoforged.fml.loading.moddiscovery.ModDiscoverer/SCAN]: Found mod file "neoforge-21.1.219.jar" [locator: neoforge devenv provider ([C:\Users\betan\Desktop\temp\modtemp\.gradle\repositories\ng_dummy_ng\net\neoforged\neoforge\21.1.219\neoforge-21.1.219.jar])]
[202月2026 01:47:52.623] [main/INFO] [net.neoforged.fml.loading.moddiscovery.ModDiscoverer/SCAN]: Found mod file "neoforge-21.1.219.jar" [locator: neoforge devenv provider ([C:\Users\betan\Desktop\temp\modtemp\.gradle\repositories\ng_dummy_ng\net\neoforged\neoforge\21.1.219\neoforge-21.1.219.jar])]
[202月2026 01:47:52.624] [pool-2-thread-1/INFO] [EARLYDISPLAY/]: GL info: NVIDIA GeForce RTX 5060/PCIe/SSE2 GL version 4.6.0 NVIDIA 591.86, NVIDIA Corporation
[202月2026 01:47:52.651] [main/INFO] [net.neoforged.fml.loading.moddiscovery.ModDiscoverer/SCAN]: Found mod file "main" [locator: userdev mods and services, reader: mod manifest]
[202月2026 01:47:52.664] [main/INFO] [net.neoforged.fml.loading.moddiscovery.ModDiscoverer/SCAN]: Found mod file "neoforge-21.1.219.jar" [locator: userdev mods and services, reader: mod manifest]
[202月2026 01:47:52.671] [main/INFO] [net.neoforged.fml.loading.moddiscovery.ModDiscoverer/SCAN]: Found mod file "geckolib-neoforge-1.21.1-4.8.3.jar" [locator: userdev mods and services, reader: mod manifest]
[202月2026 01:47:52.748] [main/INFO] [net.neoforged.fml.loading.moddiscovery.ModDiscoverer/SCAN]: Found gamelibrary file "mixinextras-neoforge-0.5.0.jar" [locator: userdev mods and services, reader: mod manifest]
[202月2026 01:47:52.904] [main/WARN] [net.neoforged.jarjar.selection.JarSelector/]: Attempted to select a dependency jar for JarJar which was passed in as source: library:mixinextras.neoforge. Using Mod File: C:\Users\betan\.gradle\caches\modules-2\files-2.1\io.github.llamalad7\mixinextras-neoforge\0.5.0\d734b83ce6542bb70ea31755c1595b88992dbe65\mixinextras-neoforge-0.5.0.jar
[202月2026 01:47:52.904] [main/INFO] [net.neoforged.fml.loading.moddiscovery.locators.JarInJarDependencyLocator/]: Found 1 dependencies adding them to mods collection
[202月2026 01:47:52.905] [main/INFO] [net.neoforged.fml.loading.moddiscovery.ModDiscoverer/SCAN]: Found library file "net.neoforged.neoforge-coremods-21.1.219.jar" [parent: neoforge-21.1.219.jar, locator: jarinjar, reader: mod manifest]
[202月2026 01:47:52.906] [main/INFO] [net.neoforged.fml.loading.moddiscovery.ModDiscoverer/]: 
     Mod List:
		Name Version (Mod Id)

		Example Mod 1.0.0 (aircraft)
		GeckoLib 4 4.8.3 (geckolib)
		Minecraft 1.21.1 (minecraft)
		NeoForge 21.1.219 (neoforge)
[202月2026 01:47:53.300] [main/INFO] [mixin/]: Compatibility level set to JAVA_17
[202月2026 01:47:53.312] [main/INFO] [cpw.mods.modlauncher.LaunchServiceHandler/MODLAUNCHER]: Launching target 'forgeclientdev' with arguments [--version, 21.1.219, --gameDir, ., --assetsDir, C:\Users\betan\.gradle\caches\minecraft\assets, --assetIndex, asset-index]
[202月2026 01:47:53.374] [main/WARN] [mixin/]: Reference map 'geckolib.refmap.json' for geckolib.mixins.json could not be read. If this is a development environment you can ignore this message
[202月2026 01:47:55.088] [Datafixer Bootstrap/INFO] [com.mojang.datafixers.DataFixerBuilder/]: 229 Datafixer optimizations took 348 milliseconds
[202月2026 01:47:55.111] [pool-8-thread-1/INFO] [MixinExtras|Service/]: Initializing MixinExtras via com.llamalad7.mixinextras.service.MixinExtrasServiceImpl(version=0.5.0).
[202月2026 01:47:59.297] [main/WARN] [net.minecraft.commands.Commands/]: Ambiguity between arguments [teleport, location] and [teleport, destination] with inputs: [0.1 -0.5 .9, 0 0 0]
[202月2026 01:47:59.299] [main/WARN] [net.minecraft.commands.Commands/]: Ambiguity between arguments [teleport, location] and [teleport, targets] with inputs: [0.1 -0.5 .9, 0 0 0]
[202月2026 01:47:59.302] [main/WARN] [net.minecraft.commands.Commands/]: Ambiguity between arguments [teleport, destination] and [teleport, targets] with inputs: [Player, 0123, @e, dd12be42-52a9-4a91-a8a1-11c01849e498]
[202月2026 01:47:59.304] [main/WARN] [net.minecraft.commands.Commands/]: Ambiguity between arguments [teleport, targets] and [teleport, destination] with inputs: [Player, 0123, dd12be42-52a9-4a91-a8a1-11c01849e498]
[202月2026 01:47:59.306] [main/WARN] [net.minecraft.commands.Commands/]: Ambiguity between arguments [teleport, targets, location] and [teleport, targets, destination] with inputs: [0.1 -0.5 .9, 0 0 0]
[202月2026 01:47:59.414] [Render thread/WARN] [net.minecraft.server.packs.VanillaPackResourcesBuilder/]: Assets URL 'union:/C:/Users/betan/Desktop/temp/modtemp/.gradle/repositories/ng_dummy_ng/net/neoforged/neoforge/21.1.219/neoforge-21.1.219.jar%23195!/assets/.mcassetsroot' uses unexpected schema
[202月2026 01:47:59.415] [Render thread/WARN] [net.minecraft.server.packs.VanillaPackResourcesBuilder/]: Assets URL 'union:/C:/Users/betan/Desktop/temp/modtemp/.gradle/repositories/ng_dummy_ng/net/neoforged/neoforge/21.1.219/neoforge-21.1.219.jar%23195!/data/.mcassetsroot' uses unexpected schema
[202月2026 01:47:59.441] [Render thread/INFO] [com.mojang.authlib.yggdrasil.YggdrasilAuthenticationService/]: Environment: Environment[sessionHost=https://sessionserver.mojang.com, servicesHost=https://api.minecraftservices.com, name=PROD]
[202月2026 01:47:59.450] [Render thread/INFO] [net.minecraft.client.Minecraft/]: Setting user: Dev
[202月2026 01:47:59.542] [Render thread/INFO] [net.minecraft.client.Minecraft/]: Backend library: LWJGL version 3.3.3+5
[202月2026 01:47:59.738] [modloading-worker-0/INFO] [net.neoforged.neoforge.common.NeoForgeMod/NEOFORGE-MOD]: NeoForge mod loading, version 21.1.219, for MC 1.21.1
[202月2026 01:48:00.534] [Render thread/INFO] [net.neoforged.neoforge.gametest.GameTestHooks/]: Enabled Gametest Namespaces: [examplemod]
[202月2026 01:48:00.788] [Render thread/INFO] [net.minecraft.server.packs.resources.ReloadableResourceManager/]: Reloading ResourceManager: vanilla, mod_resources, mod/aircraft, mod/geckolib, mod/neoforge
[202月2026 01:48:00.970] [Worker-Main-7/INFO] [net.minecraft.client.gui.font.providers.UnihexProvider/]: Found unifont_all_no_pua-16.0.03.hex, loading
[202月2026 01:48:00.970] [Worker-Main-4/INFO] [net.minecraft.client.gui.font.providers.UnihexProvider/]: Found unifont_jp_patch-16.0.03.hex, loading
[202月2026 01:48:00.968] [Worker-Main-1/WARN] [net.minecraft.client.gui.font.FontManager/]: Unable to load font 'minecraft:include/unifont_pua' in fonts.json in resourcepack: 'vanilla'
com.google.gson.JsonParseException: No key size_overrides in MapLike[{"type":"unihex","hex_file":"minecraft:font/unifont_pua.zip"}]
	at MC-BOOTSTRAP/datafixerupper@8.0.16/com.mojang.serialization.DataResult$Error.getOrThrow(DataResult.java:287) ~[datafixerupper-8.0.16.jar%23125!/:?]
	at TRANSFORMER/minecraft@1.21.1/net.minecraft.client.gui.font.FontManager.loadResourceStack(FontManager.java:236) ~[neoforge-21.1.219.jar%23195!/:?]
	at TRANSFORMER/minecraft@1.21.1/net.minecraft.client.gui.font.FontManager.lambda$prepare$4(FontManager.java:94) ~[neoforge-21.1.219.jar%23195!/:?]
	at java.base/java.util.concurrent.CompletableFuture$AsyncSupply.run(CompletableFuture.java:1768) [?:?]
	at java.base/java.util.concurrent.CompletableFuture$AsyncSupply.exec(CompletableFuture.java:1760) [?:?]
	at java.base/java.util.concurrent.ForkJoinTask.doExec(ForkJoinTask.java:387) [?:?]
	at java.base/java.util.concurrent.ForkJoinPool$WorkQueue.topLevelExec(ForkJoinPool.java:1312) [?:?]
	at java.base/java.util.concurrent.ForkJoinPool.scan(ForkJoinPool.java:1843) [?:?]
	at java.base/java.util.concurrent.ForkJoinPool.runWorker(ForkJoinPool.java:1808) [?:?]
	at java.base/java.util.concurrent.ForkJoinWorkerThread.run(ForkJoinWorkerThread.java:188) [?:?]
[202月2026 01:48:02.359] [Render thread/WARN] [net.minecraft.client.sounds.SoundEngine/]: Missing sound for event: minecraft:item.goat_horn.play
[202月2026 01:48:02.359] [Render thread/WARN] [net.minecraft.client.sounds.SoundEngine/]: Missing sound for event: minecraft:entity.goat.screaming.horn_break
[202月2026 01:48:02.359] [Render thread/WARN] [net.minecraft.client.sounds.SoundEngine/]: Missing sound for event: minecraft:entity.leash_knot.break
[202月2026 01:48:02.359] [Render thread/WARN] [net.minecraft.client.sounds.SoundEngine/]: Missing sound for event: minecraft:entity.leash_knot.place
[202月2026 01:48:02.359] [Render thread/WARN] [net.minecraft.client.sounds.SoundEngine/]: Missing sound for event: minecraft:entity.puffer_fish.ambient
[202月2026 01:48:02.359] [Render thread/WARN] [net.minecraft.client.sounds.SoundEngine/]: Missing sound for event: minecraft:entity.wolf.howl
[202月2026 01:48:02.402] [Render thread/INFO] [com.mojang.blaze3d.audio.Library/]: OpenAL initialized on device OpenAL Soft on スピーカー (USB Audio Device)
[202月2026 01:48:02.403] [Render thread/INFO] [net.minecraft.client.sounds.SoundEngine/SOUNDS]: Sound engine started
[202月2026 01:48:02.517] [Render thread/INFO] [net.minecraft.client.renderer.texture.TextureAtlas/]: Created: 1024x512x4 minecraft:textures/atlas/blocks.png-atlas
[202月2026 01:48:02.523] [Render thread/INFO] [net.minecraft.client.renderer.texture.TextureAtlas/]: Created: 256x256x4 minecraft:textures/atlas/signs.png-atlas
[202月2026 01:48:02.524] [Render thread/INFO] [net.minecraft.client.renderer.texture.TextureAtlas/]: Created: 512x512x4 minecraft:textures/atlas/shield_patterns.png-atlas
[202月2026 01:48:02.524] [Render thread/INFO] [net.minecraft.client.renderer.texture.TextureAtlas/]: Created: 512x512x4 minecraft:textures/atlas/banner_patterns.png-atlas
[202月2026 01:48:02.524] [Render thread/INFO] [net.minecraft.client.renderer.texture.TextureAtlas/]: Created: 1024x1024x4 minecraft:textures/atlas/armor_trims.png-atlas
[202月2026 01:48:02.528] [Render thread/INFO] [net.minecraft.client.renderer.texture.TextureAtlas/]: Created: 256x256x4 minecraft:textures/atlas/chest.png-atlas
[202月2026 01:48:02.528] [Render thread/INFO] [net.minecraft.client.renderer.texture.TextureAtlas/]: Created: 128x64x4 minecraft:textures/atlas/decorated_pot.png-atlas
[202月2026 01:48:02.528] [Render thread/INFO] [net.minecraft.client.renderer.texture.TextureAtlas/]: Created: 512x256x4 minecraft:textures/atlas/beds.png-atlas
[202月2026 01:48:02.529] [Render thread/INFO] [net.minecraft.client.renderer.texture.TextureAtlas/]: Created: 512x256x4 minecraft:textures/atlas/shulker_boxes.png-atlas
[202月2026 01:48:02.597] [Render thread/INFO] [net.minecraft.client.renderer.texture.TextureAtlas/]: Created: 512x256x0 minecraft:textures/atlas/particles.png-atlas
[202月2026 01:48:02.598] [Render thread/INFO] [net.minecraft.client.renderer.texture.TextureAtlas/]: Created: 512x256x0 minecraft:textures/atlas/paintings.png-atlas
[202月2026 01:48:02.599] [Render thread/INFO] [net.minecraft.client.renderer.texture.TextureAtlas/]: Created: 256x128x0 minecraft:textures/atlas/mob_effects.png-atlas
[202月2026 01:48:02.599] [Render thread/INFO] [net.minecraft.client.renderer.texture.TextureAtlas/]: Created: 64x64x0 minecraft:textures/atlas/map_decorations.png-atlas
[202月2026 01:48:02.599] [Render thread/INFO] [net.minecraft.client.renderer.texture.TextureAtlas/]: Created: 1024x512x0 minecraft:textures/atlas/gui.png-atlas
[202月2026 01:48:02.622] [Render thread/WARN] [net.minecraft.client.renderer.ShaderInstance/]: Shader rendertype_entity_translucent_emissive could not find sampler named Sampler2 in the specified shader program.
[202月2026 01:48:02.677] [Render thread/INFO] [net.neoforged.neoforge.client.entity.animation.json.AnimationLoader/]: Loaded 0 entity animations
[202月2026 01:48:06.595] [Render thread/INFO] [net.minecraft.world.item.crafting.RecipeManager/]: Loaded 1290 recipes
[202月2026 01:48:06.727] [Render thread/INFO] [net.minecraft.advancements.AdvancementTree/]: Loaded 1399 advancements
[202月2026 01:48:07.068] [Server thread/INFO] [net.minecraft.client.server.IntegratedServer/]: Starting integrated minecraft server version 1.21.1
[202月2026 01:48:07.069] [Server thread/INFO] [net.minecraft.server.MinecraftServer/]: Generating keypair
[202月2026 01:48:07.301] [Server thread/INFO] [net.minecraft.server.MinecraftServer/]: Preparing start region for dimension minecraft:overworld
[202月2026 01:48:07.511] [progressListener/INFO] [net.minecraft.server.level.progress.LoggerChunkProgressListener/]: スポーン地点を準備中：0%
[202月2026 01:48:07.599] [Server thread/INFO] [net.neoforged.neoforge.server.permission.PermissionAPI/]: Successfully initialized permission handler neoforge:default_handler
[202月2026 01:48:07.605] [progressListener/INFO] [net.minecraft.server.level.progress.LoggerChunkProgressListener/]: Time elapsed: 288 ms
[202月2026 01:48:07.693] [Server thread/INFO] [net.minecraft.client.server.IntegratedServer/]: Changing view distance to 12, from 10
[202月2026 01:48:07.693] [Server thread/INFO] [net.minecraft.client.server.IntegratedServer/]: Changing simulation distance to 5, from 0
[202月2026 01:48:08.311] [Server thread/INFO] [net.minecraft.server.players.PlayerList/]: Dev[local:E:0113e7d5] logged in with entity id 19 at (3.5, -60.0, -5.715859036699318)
[202月2026 01:48:08.373] [Server thread/INFO] [net.minecraft.server.MinecraftServer/]: Devがゲームに参加しました
[202月2026 01:48:08.800] [Render thread/INFO] [net.minecraft.advancements.AdvancementTree/]: Loaded 2 advancements
[202月2026 01:48:12.365] [Server thread/WARN] [net.minecraft.world.entity.EntityType/]: Exception loading entity: 
java.lang.NullPointerException: Cannot invoke "net.minecraft.world.entity.ai.attributes.AttributeSupplier.getValue(net.minecraft.core.Holder)" because "this.supplier" is null
	at TRANSFORMER/minecraft@1.21.1/net.minecraft.world.entity.ai.attributes.AttributeMap.getValue(AttributeMap.java:66) ~[neoforge-21.1.219.jar%23195!/:?]
	at TRANSFORMER/minecraft@1.21.1/net.minecraft.world.entity.LivingEntity.getAttributeValue(LivingEntity.java:2011) ~[neoforge-21.1.219.jar%23195!/:?]
	at TRANSFORMER/minecraft@1.21.1/net.minecraft.world.entity.LivingEntity.getMaxHealth(LivingEntity.java:1823) ~[neoforge-21.1.219.jar%23195!/:?]
	at TRANSFORMER/minecraft@1.21.1/net.minecraft.world.entity.LivingEntity.<init>(LivingEntity.java:278) ~[neoforge-21.1.219.jar%23195!/:?]
	at TRANSFORMER/minecraft@1.21.1/net.minecraft.world.entity.Mob.<init>(Mob.java:139) ~[neoforge-21.1.219.jar%23195!/:?]
	at TRANSFORMER/minecraft@1.21.1/net.minecraft.world.entity.PathfinderMob.<init>(PathfinderMob.java:17) ~[neoforge-21.1.219.jar%23195!/:?]
	at TRANSFORMER/aircraft@1.0.0/aircraft.entity.CubeEntity.<init>(CubeEntity.java:19) ~[%23197!/:?]
	at TRANSFORMER/minecraft@1.21.1/net.minecraft.world.entity.EntityType.create(EntityType.java:1100) ~[neoforge-21.1.219.jar%23195!/:?]
	at TRANSFORMER/minecraft@1.21.1/net.minecraft.world.entity.EntityType.lambda$create$4(EntityType.java:1105) ~[neoforge-21.1.219.jar%23195!/:?]
	at java.base/java.util.Optional.map(Optional.java:260) ~[?:?]
	at TRANSFORMER/minecraft@1.21.1/net.minecraft.world.entity.EntityType.create(EntityType.java:1105) ~[neoforge-21.1.219.jar%23195!/:?]
	at TRANSFORMER/minecraft@1.21.1/net.minecraft.world.entity.EntityType.loadStaticEntity(EntityType.java:1183) ~[neoforge-21.1.219.jar%23195!/:?]
	at TRANSFORMER/minecraft@1.21.1/net.minecraft.world.entity.EntityType.loadEntityRecursive(EntityType.java:1137) ~[neoforge-21.1.219.jar%23195!/:?]
	at TRANSFORMER/minecraft@1.21.1/net.minecraft.server.commands.SummonCommand.createEntity(SummonCommand.java:86) ~[neoforge-21.1.219.jar%23195!/:?]
	at TRANSFORMER/minecraft@1.21.1/net.minecraft.server.commands.SummonCommand.spawnEntity(SummonCommand.java:110) ~[neoforge-21.1.219.jar%23195!/:?]
	at TRANSFORMER/minecraft@1.21.1/net.minecraft.server.commands.SummonCommand.lambda$register$2(SummonCommand.java:51) ~[neoforge-21.1.219.jar%23195!/:?]
	at MC-BOOTSTRAP/brigadier@1.3.10/com.mojang.brigadier.context.ContextChain.runExecutable(ContextChain.java:73) ~[brigadier-1.3.10.jar%23124!/:?]
	at TRANSFORMER/minecraft@1.21.1/net.minecraft.commands.execution.tasks.ExecuteCommand.execute(ExecuteCommand.java:29) ~[neoforge-21.1.219.jar%23195!/:?]
	at TRANSFORMER/minecraft@1.21.1/net.minecraft.commands.execution.tasks.ExecuteCommand.execute(ExecuteCommand.java:13) ~[neoforge-21.1.219.jar%23195!/:?]
	at TRANSFORMER/minecraft@1.21.1/net.minecraft.commands.execution.UnboundEntryAction.lambda$bind$0(UnboundEntryAction.java:8) ~[neoforge-21.1.219.jar%23195!/:?]
	at TRANSFORMER/minecraft@1.21.1/net.minecraft.commands.execution.CommandQueueEntry.execute(CommandQueueEntry.java:5) ~[neoforge-21.1.219.jar%23195!/:?]
	at TRANSFORMER/minecraft@1.21.1/net.minecraft.commands.execution.ExecutionContext.runCommandQueue(ExecutionContext.java:103) ~[neoforge-21.1.219.jar%23195!/:?]
	at TRANSFORMER/minecraft@1.21.1/net.minecraft.commands.Commands.executeCommandInContext(Commands.java:363) ~[neoforge-21.1.219.jar%23195!/:?]
	at TRANSFORMER/minecraft@1.21.1/net.minecraft.commands.Commands.performCommand(Commands.java:284) ~[neoforge-21.1.219.jar%23195!/:?]
	at TRANSFORMER/minecraft@1.21.1/net.minecraft.server.network.ServerGamePacketListenerImpl.performUnsignedChatCommand(ServerGamePacketListenerImpl.java:1312) ~[neoforge-21.1.219.jar%23195!/:?]
	at TRANSFORMER/minecraft@1.21.1/net.minecraft.server.network.ServerGamePacketListenerImpl.lambda$handleChatCommand$7(ServerGamePacketListenerImpl.java:1299) ~[neoforge-21.1.219.jar%23195!/:?]
	at TRANSFORMER/minecraft@1.21.1/net.minecraft.server.TickTask.run(TickTask.java:18) ~[neoforge-21.1.219.jar%23195!/:?]
	at TRANSFORMER/minecraft@1.21.1/net.minecraft.util.thread.BlockableEventLoop.doRunTask(BlockableEventLoop.java:151) ~[neoforge-21.1.219.jar%23195!/:?]
	at TRANSFORMER/minecraft@1.21.1/net.minecraft.util.thread.ReentrantBlockableEventLoop.doRunTask(ReentrantBlockableEventLoop.java:24) ~[neoforge-21.1.219.jar%23195!/:?]
	at TRANSFORMER/minecraft@1.21.1/net.minecraft.server.MinecraftServer.doRunTask(MinecraftServer.java:881) ~[neoforge-21.1.219.jar%23195!/:?]
	at TRANSFORMER/minecraft@1.21.1/net.minecraft.server.MinecraftServer.doRunTask(MinecraftServer.java:170) ~[neoforge-21.1.219.jar%23195!/:?]
	at TRANSFORMER/minecraft@1.21.1/net.minecraft.util.thread.BlockableEventLoop.pollTask(BlockableEventLoop.java:122) ~[neoforge-21.1.219.jar%23195!/:?]
	at TRANSFORMER/minecraft@1.21.1/net.minecraft.server.MinecraftServer.pollTaskInternal(MinecraftServer.java:864) ~[neoforge-21.1.219.jar%23195!/:?]
	at TRANSFORMER/minecraft@1.21.1/net.minecraft.server.MinecraftServer.pollTask(MinecraftServer.java:858) ~[neoforge-21.1.219.jar%23195!/:?]
	at TRANSFORMER/minecraft@1.21.1/net.minecraft.util.thread.BlockableEventLoop.runAllTasks(BlockableEventLoop.java:111) ~[neoforge-21.1.219.jar%23195!/:?]
	at TRANSFORMER/minecraft@1.21.1/net.minecraft.server.MinecraftServer.waitUntilNextTick(MinecraftServer.java:834) ~[neoforge-21.1.219.jar%23195!/:?]
	at TRANSFORMER/minecraft@1.21.1/net.minecraft.server.MinecraftServer.runServer(MinecraftServer.java:718) ~[neoforge-21.1.219.jar%23195!/:?]
	at TRANSFORMER/minecraft@1.21.1/net.minecraft.server.MinecraftServer.lambda$spin$2(MinecraftServer.java:267) ~[neoforge-21.1.219.jar%23195!/:?]
	at java.base/java.lang.Thread.run(Thread.java:1583) [?:?]
[202月2026 01:48:12.381] [Render thread/INFO] [net.minecraft.client.gui.components.ChatComponent/]: [System] [CHAT] エンティティを召喚できませんでした
[202月2026 01:48:17.372] [Server thread/WARN] [net.minecraft.world.entity.EntityType/]: Exception loading entity: 
java.lang.NullPointerException: Cannot invoke "net.minecraft.world.entity.ai.attributes.AttributeSupplier.getValue(net.minecraft.core.Holder)" because "this.supplier" is null
	at TRANSFORMER/minecraft@1.21.1/net.minecraft.world.entity.ai.attributes.AttributeMap.getValue(AttributeMap.java:66) ~[neoforge-21.1.219.jar%23195!/:?]
	at TRANSFORMER/minecraft@1.21.1/net.minecraft.world.entity.LivingEntity.getAttributeValue(LivingEntity.java:2011) ~[neoforge-21.1.219.jar%23195!/:?]
	at TRANSFORMER/minecraft@1.21.1/net.minecraft.world.entity.LivingEntity.getMaxHealth(LivingEntity.java:1823) ~[neoforge-21.1.219.jar%23195!/:?]
	at TRANSFORMER/minecraft@1.21.1/net.minecraft.world.entity.LivingEntity.<init>(LivingEntity.java:278) ~[neoforge-21.1.219.jar%23195!/:?]
	at TRANSFORMER/minecraft@1.21.1/net.minecraft.world.entity.Mob.<init>(Mob.java:139) ~[neoforge-21.1.219.jar%23195!/:?]
	at TRANSFORMER/minecraft@1.21.1/net.minecraft.world.entity.PathfinderMob.<init>(PathfinderMob.java:17) ~[neoforge-21.1.219.jar%23195!/:?]
	at TRANSFORMER/aircraft@1.0.0/aircraft.entity.CubeEntity.<init>(CubeEntity.java:19) ~[%23197!/:?]
	at TRANSFORMER/minecraft@1.21.1/net.minecraft.world.entity.EntityType.create(EntityType.java:1100) ~[neoforge-21.1.219.jar%23195!/:?]
	at TRANSFORMER/minecraft@1.21.1/net.minecraft.world.entity.EntityType.lambda$create$4(EntityType.java:1105) ~[neoforge-21.1.219.jar%23195!/:?]
	at java.base/java.util.Optional.map(Optional.java:260) ~[?:?]
	at TRANSFORMER/minecraft@1.21.1/net.minecraft.world.entity.EntityType.create(EntityType.java:1105) ~[neoforge-21.1.219.jar%23195!/:?]
	at TRANSFORMER/minecraft@1.21.1/net.minecraft.world.entity.EntityType.loadStaticEntity(EntityType.java:1183) ~[neoforge-21.1.219.jar%23195!/:?]
	at TRANSFORMER/minecraft@1.21.1/net.minecraft.world.entity.EntityType.loadEntityRecursive(EntityType.java:1137) ~[neoforge-21.1.219.jar%23195!/:?]
	at TRANSFORMER/minecraft@1.21.1/net.minecraft.server.commands.SummonCommand.createEntity(SummonCommand.java:86) ~[neoforge-21.1.219.jar%23195!/:?]
	at TRANSFORMER/minecraft@1.21.1/net.minecraft.server.commands.SummonCommand.spawnEntity(SummonCommand.java:110) ~[neoforge-21.1.219.jar%23195!/:?]
	at TRANSFORMER/minecraft@1.21.1/net.minecraft.server.commands.SummonCommand.lambda$register$1(SummonCommand.java:40) ~[neoforge-21.1.219.jar%23195!/:?]
	at MC-BOOTSTRAP/brigadier@1.3.10/com.mojang.brigadier.context.ContextChain.runExecutable(ContextChain.java:73) ~[brigadier-1.3.10.jar%23124!/:?]
	at TRANSFORMER/minecraft@1.21.1/net.minecraft.commands.execution.tasks.ExecuteCommand.execute(ExecuteCommand.java:29) ~[neoforge-21.1.219.jar%23195!/:?]
	at TRANSFORMER/minecraft@1.21.1/net.minecraft.commands.execution.tasks.ExecuteCommand.execute(ExecuteCommand.java:13) ~[neoforge-21.1.219.jar%23195!/:?]
	at TRANSFORMER/minecraft@1.21.1/net.minecraft.commands.execution.UnboundEntryAction.lambda$bind$0(UnboundEntryAction.java:8) ~[neoforge-21.1.219.jar%23195!/:?]
	at TRANSFORMER/minecraft@1.21.1/net.minecraft.commands.execution.CommandQueueEntry.execute(CommandQueueEntry.java:5) ~[neoforge-21.1.219.jar%23195!/:?]
	at TRANSFORMER/minecraft@1.21.1/net.minecraft.commands.execution.ExecutionContext.runCommandQueue(ExecutionContext.java:103) ~[neoforge-21.1.219.jar%23195!/:?]
	at TRANSFORMER/minecraft@1.21.1/net.minecraft.commands.Commands.executeCommandInContext(Commands.java:363) ~[neoforge-21.1.219.jar%23195!/:?]
	at TRANSFORMER/minecraft@1.21.1/net.minecraft.commands.Commands.performCommand(Commands.java:284) ~[neoforge-21.1.219.jar%23195!/:?]
	at TRANSFORMER/minecraft@1.21.1/net.minecraft.server.network.ServerGamePacketListenerImpl.performUnsignedChatCommand(ServerGamePacketListenerImpl.java:1312) ~[neoforge-21.1.219.jar%23195!/:?]
	at TRANSFORMER/minecraft@1.21.1/net.minecraft.server.network.ServerGamePacketListenerImpl.lambda$handleChatCommand$7(ServerGamePacketListenerImpl.java:1299) ~[neoforge-21.1.219.jar%23195!/:?]
	at TRANSFORMER/minecraft@1.21.1/net.minecraft.server.TickTask.run(TickTask.java:18) ~[neoforge-21.1.219.jar%23195!/:?]
	at TRANSFORMER/minecraft@1.21.1/net.minecraft.util.thread.BlockableEventLoop.doRunTask(BlockableEventLoop.java:151) ~[neoforge-21.1.219.jar%23195!/:?]
	at TRANSFORMER/minecraft@1.21.1/net.minecraft.util.thread.ReentrantBlockableEventLoop.doRunTask(ReentrantBlockableEventLoop.java:24) ~[neoforge-21.1.219.jar%23195!/:?]
	at TRANSFORMER/minecraft@1.21.1/net.minecraft.server.MinecraftServer.doRunTask(MinecraftServer.java:881) ~[neoforge-21.1.219.jar%23195!/:?]
	at TRANSFORMER/minecraft@1.21.1/net.minecraft.server.MinecraftServer.doRunTask(MinecraftServer.java:170) ~[neoforge-21.1.219.jar%23195!/:?]
	at TRANSFORMER/minecraft@1.21.1/net.minecraft.util.thread.BlockableEventLoop.pollTask(BlockableEventLoop.java:122) ~[neoforge-21.1.219.jar%23195!/:?]
	at TRANSFORMER/minecraft@1.21.1/net.minecraft.server.MinecraftServer.pollTaskInternal(MinecraftServer.java:864) ~[neoforge-21.1.219.jar%23195!/:?]
	at TRANSFORMER/minecraft@1.21.1/net.minecraft.server.MinecraftServer.pollTask(MinecraftServer.java:858) ~[neoforge-21.1.219.jar%23195!/:?]
	at TRANSFORMER/minecraft@1.21.1/net.minecraft.util.thread.BlockableEventLoop.managedBlock(BlockableEventLoop.java:135) ~[neoforge-21.1.219.jar%23195!/:?]
	at TRANSFORMER/minecraft@1.21.1/net.minecraft.server.MinecraftServer.managedBlock(MinecraftServer.java:830) ~[neoforge-21.1.219.jar%23195!/:?]
	at TRANSFORMER/minecraft@1.21.1/net.minecraft.server.MinecraftServer.waitUntilNextTick(MinecraftServer.java:835) ~[neoforge-21.1.219.jar%23195!/:?]
	at TRANSFORMER/minecraft@1.21.1/net.minecraft.server.MinecraftServer.runServer(MinecraftServer.java:718) ~[neoforge-21.1.219.jar%23195!/:?]
	at TRANSFORMER/minecraft@1.21.1/net.minecraft.server.MinecraftServer.lambda$spin$2(MinecraftServer.java:267) ~[neoforge-21.1.219.jar%23195!/:?]
	at java.base/java.lang.Thread.run(Thread.java:1583) [?:?]
[202月2026 01:48:17.381] [Render thread/INFO] [net.minecraft.client.gui.components.ChatComponent/]: [System] [CHAT] エンティティを召喚できませんでした
[202月2026 01:48:21.202] [Server thread/INFO] [net.minecraft.client.server.IntegratedServer/]: Saving and pausing game...
[202月2026 01:48:21.214] [Server thread/INFO] [net.minecraft.server.MinecraftServer/]: Saving chunks for level 'ServerLevel[新規ワールド]'/minecraft:overworld
[202月2026 01:48:21.234] [Server thread/INFO] [net.minecraft.server.MinecraftServer/]: Saving chunks for level 'ServerLevel[新規ワールド]'/minecraft:the_nether
[202月2026 01:48:21.235] [Server thread/INFO] [net.minecraft.server.MinecraftServer/]: Saving chunks for level 'ServerLevel[新規ワールド]'/minecraft:the_end
[202月2026 01:48:22.006] [Server thread/INFO] [net.minecraft.server.network.ServerGamePacketListenerImpl/]: Dev lost connection: 切断されました
[202月2026 01:48:22.007] [Server thread/INFO] [net.minecraft.server.MinecraftServer/]: Devがゲームを退出しました
[202月2026 01:48:22.014] [Server thread/INFO] [net.minecraft.server.network.ServerCommonPacketListenerImpl/]: Stopping singleplayer server as player logged out
[202月2026 01:48:22.065] [Server thread/INFO] [net.minecraft.server.MinecraftServer/]: Stopping server
[202月2026 01:48:22.066] [Server thread/INFO] [net.minecraft.server.MinecraftServer/]: Saving players
[202月2026 01:48:22.066] [Server thread/INFO] [net.minecraft.server.MinecraftServer/]: Saving worlds
[202月2026 01:48:22.191] [Server thread/INFO] [net.minecraft.server.MinecraftServer/]: Saving chunks for level 'ServerLevel[新規ワールド]'/minecraft:overworld
[202月2026 01:48:22.222] [Server thread/INFO] [net.minecraft.server.MinecraftServer/]: Saving chunks for level 'ServerLevel[新規ワールド]'/minecraft:the_nether
[202月2026 01:48:22.225] [Server thread/INFO] [net.minecraft.server.MinecraftServer/]: Saving chunks for level 'ServerLevel[新規ワールド]'/minecraft:the_end
[202月2026 01:48:22.232] [Server thread/INFO] [net.minecraft.server.MinecraftServer/]: ThreadedAnvilChunkStorage (新規ワールド): All chunks are saved
[202月2026 01:48:22.233] [Server thread/INFO] [net.minecraft.server.MinecraftServer/]: ThreadedAnvilChunkStorage (DIM-1): All chunks are saved
[202月2026 01:48:22.233] [Server thread/INFO] [net.minecraft.server.MinecraftServer/]: ThreadedAnvilChunkStorage (DIM1): All chunks are saved
[202月2026 01:48:22.233] [Server thread/INFO] [net.minecraft.server.MinecraftServer/]: ThreadedAnvilChunkStorage: All dimensions are saved
[202月2026 01:48:22.818] [Render thread/INFO] [net.minecraft.client.Minecraft/]: Stopping!
